2016/1/3017:41:(|Boolean serchLog(System.String, svnOper.showLog)|0|0)未将对象引用设置到对象的实例。
2016/1/3017:41:(|Boolean serchLog(System.String, svnOper.showLog)|0|0)未将对象引用设置到对象的实例。
2016/1/3018:21:(|Boolean serchLog(System.String, svnOper.showLog)|0|0)未将对象引用设置到对象的实例。
2016/1/3018:27:(|Boolean checkout()|0|0)未将对象引用设置到对象的实例。
2016/2/111:16:(|Boolean checkout()|0|0)无效的 URI: 此 URI 为空。
2016/2/111:19:(|Int64 getVersion(System.String)|0|0)'E:\CompanyJob\20160130lsw' is not a working copy

2016/2/111:19:(|Boolean checkout()|0|0)URL 'http://192.168.0.125:8888/svn/SAY/branches/20160130lsw' doesn't exist

2016/2/111:29:(|Boolean update(System.String)|0|0)对路径“E:\CompanyJob\20160130lsw”的访问被拒绝。

2016/2/111:30:(|Boolean update(System.String)|0|0)对路径“E:\CompanyJob\20160130lsw”的访问被拒绝。

2016/2/114:52:(|Boolean update(System.String)|0|0)对路径“E:\CompanyJob\20160130lsw”的访问被拒绝。

2016/2/114:52:(|Boolean update(System.String)|0|0)对路径“E:\CompanyJob\20160130lsw”的访问被拒绝。

2016/2/114:59:(|Boolean update(System.String)|0|0)对路径“E:\CompanyJob\20160130lsw”的访问被拒绝。

2016/2/115:03:(|Boolean update(System.String)|0|0)对路径“E:\CompanyJob\20160130lsw”的访问被拒绝。

2016/2/115:08:(|Boolean update(System.String)|0|0)对路径“E:\CompanyJob\20160130lsw”的访问被拒绝。
2016/2/115:13:(|Boolean update(System.String)|0|0)对路径“E:\CompanyJob\20160130lsw”的访问被拒绝。
2016/2/115:33:(|Boolean update(System.String)|0|0)对路径“E:\CompanyJob\20160130lsw”的访问被拒绝。
2016/2/115:33:(|Int64 getVersion(System.String)|0|0)The node 'E:\CompanyJob\20160130lsw\测试.text' was not found.
2016/2/115:34:(|Boolean update(System.String)|0|0)对路径“E:\CompanyJob\20160130lsw\”的访问被拒绝。
2016/2/115:50:(|Boolean update(System.String)|0|0)对路径“E:\CompanyJob\20160130lsw”的访问被拒绝。
2016/2/115:58:(|Boolean update(System.String)|0|0)对路径“E:\CompanyJob\20160130lsw”的访问被拒绝。
2016/2/115:58:(|Boolean update(System.String)|0|0)对路径“E:\CompanyJob\20160130lsw”的访问被拒绝。
2016/2/116:13:(|Boolean update(System.String)|0|0)对路径“E:\CompanyJob\20160130lsw”的访问被拒绝。
2016/2/116:41:(|Boolean update(System.String)|0|0)对路径“E:\CompanyJob\20160130lsw”的访问被拒绝。
